<?xml version="1.0" encoding="UTF-8"?>
<testsuite name="br.com.letscode.distribuida.ValidarPessoa" tests="1" skipped="0" failures="0" errors="0" timestamp="2022-04-13T22:53:19" hostname="rhapy-note" time="0.031">
  <properties/>
  <testcase name="testaMascaraPessoa()" classname="br.com.letscode.distribuida.ValidarPessoa" time="0.031"/>
  <system-out><![CDATA[Antes : 01234567890
 valor do atributo:  01234567890
Depois: 012.345.678-90
]]></system-out>
  <system-err><![CDATA[]]></system-err>
</testsuite>
